make --dry-run --always-make --keep-going --print-directory
make: Entering directory '/home/shf/OPRF-Garbled-Circuits/old_implementation'
/usr/bin/cmake -S/home/shf/OPRF-Garbled-Circuits/old_implementation -B/home/shf/OPRF-Garbled-Circuits/old_implementation --check-build-system CMakeFiles/Makefile.cmake 0
/usr/bin/cmake -E cmake_progress_start /home/shf/OPRF-Garbled-Circuits/old_implementation/CMakeFiles /home/shf/OPRF-Garbled-Circuits/old_implementation//CMakeFiles/progress.marks
make -s -f CMakeFiles/Makefile2 all
make[1]: Entering directory '/home/shf/OPRF-Garbled-Circuits/old_implementation'
make -s -f emp-tool/CMakeFiles/emp-tool.dir/build.make emp-tool/CMakeFiles/emp-tool.dir/depend
make[2]: Entering directory '/home/shf/OPRF-Garbled-Circuits/old_implementation'
cd /home/shf/OPRF-Garbled-Circuits/old_implementation && /usr/bin/cmake -E cmake_depends "Unix Makefiles" /home/shf/OPRF-Garbled-Circuits/old_implementation /home/shf/OPRF-Garbled-Circuits/old_implementation/emp-tool /home/shf/OPRF-Garbled-Circuits/old_implementation /home/shf/OPRF-Garbled-Circuits/old_implementation/emp-tool /home/shf/OPRF-Garbled-Circuits/old_implementation/emp-tool/CMakeFiles/emp-tool.dir/DependInfo.cmake --color=
make[2]: Leaving directory '/home/shf/OPRF-Garbled-Circuits/old_implementation'
make -s -f emp-tool/CMakeFiles/emp-tool.dir/build.make emp-tool/CMakeFiles/emp-tool.dir/build
make[2]: Entering directory '/home/shf/OPRF-Garbled-Circuits/old_implementation'
/usr/bin/cmake -E cmake_echo_color --switch= --green --progress-dir=/home/shf/OPRF-Garbled-Circuits/old_implementation/CMakeFiles --progress-num=6 "Building CXX object emp-tool/CMakeFiles/emp-tool.dir/emp-tool/emp-tool.cpp.o"
cd /home/shf/OPRF-Garbled-Circuits/old_implementation/emp-tool && /usr/bin/c++ -Demp_tool_EXPORTS -I/home/shf/OPRF-Garbled-Circuits/old_implementation -pthread -Wall -funroll-loops -Wno-ignored-attributes -Wno-unused-result -march=native -maes -mrdseed -std=c++11 -O3 -O3 -DNDEBUG -fPIC -MD -MT emp-tool/CMakeFiles/emp-tool.dir/emp-tool/emp-tool.cpp.o -MF CMakeFiles/emp-tool.dir/emp-tool/emp-tool.cpp.o.d -o CMakeFiles/emp-tool.dir/emp-tool/emp-tool.cpp.o -c /home/shf/OPRF-Garbled-Circuits/old_implementation/emp-tool/emp-tool/emp-tool.cpp
/usr/bin/cmake -E cmake_echo_color --switch= --green --progress-dir=/home/shf/OPRF-Garbled-Circuits/old_implementation/CMakeFiles --progress-num=7 "Building CXX object emp-tool/CMakeFiles/emp-tool.dir/emp-tool/circuits/float32_add.cpp.o"
cd /home/shf/OPRF-Garbled-Circuits/old_implementation/emp-tool && /usr/bin/c++ -Demp_tool_EXPORTS -I/home/shf/OPRF-Garbled-Circuits/old_implementation -pthread -Wall -funroll-loops -Wno-ignored-attributes -Wno-unused-result -march=native -maes -mrdseed -std=c++11 -O3 -O3 -DNDEBUG -fPIC -MD -MT emp-tool/CMakeFiles/emp-tool.dir/emp-tool/circuits/float32_add.cpp.o -MF CMakeFiles/emp-tool.dir/emp-tool/circuits/float32_add.cpp.o.d -o CMakeFiles/emp-tool.dir/emp-tool/circuits/float32_add.cpp.o -c /home/shf/OPRF-Garbled-Circuits/old_implementation/emp-tool/emp-tool/circuits/float32_add.cpp
/usr/bin/cmake -E cmake_echo_color --switch= --green --progress-dir=/home/shf/OPRF-Garbled-Circuits/old_implementation/CMakeFiles --progress-num=8 "Building CXX object emp-tool/CMakeFiles/emp-tool.dir/emp-tool/circuits/float32_cos.cpp.o"
cd /home/shf/OPRF-Garbled-Circuits/old_implementation/emp-tool && /usr/bin/c++ -Demp_tool_EXPORTS -I/home/shf/OPRF-Garbled-Circuits/old_implementation -pthread -Wall -funroll-loops -Wno-ignored-attributes -Wno-unused-result -march=native -maes -mrdseed -std=c++11 -O3 -O3 -DNDEBUG -fPIC -MD -MT emp-tool/CMakeFiles/emp-tool.dir/emp-tool/circuits/float32_cos.cpp.o -MF CMakeFiles/emp-tool.dir/emp-tool/circuits/float32_cos.cpp.o.d -o CMakeFiles/emp-tool.dir/emp-tool/circuits/float32_cos.cpp.o -c /home/shf/OPRF-Garbled-Circuits/old_implementation/emp-tool/emp-tool/circuits/float32_cos.cpp
/usr/bin/cmake -E cmake_echo_color --switch= --green --progress-dir=/home/shf/OPRF-Garbled-Circuits/old_implementation/CMakeFiles --progress-num=9 "Building CXX object emp-tool/CMakeFiles/emp-tool.dir/emp-tool/circuits/float32_div.cpp.o"
cd /home/shf/OPRF-Garbled-Circuits/old_implementation/emp-tool && /usr/bin/c++ -Demp_tool_EXPORTS -I/home/shf/OPRF-Garbled-Circuits/old_implementation -pthread -Wall -funroll-loops -Wno-ignored-attributes -Wno-unused-result -march=native -maes -mrdseed -std=c++11 -O3 -O3 -DNDEBUG -fPIC -MD -MT emp-tool/CMakeFiles/emp-tool.dir/emp-tool/circuits/float32_div.cpp.o -MF CMakeFiles/emp-tool.dir/emp-tool/circuits/float32_div.cpp.o.d -o CMakeFiles/emp-tool.dir/emp-tool/circuits/float32_div.cpp.o -c /home/shf/OPRF-Garbled-Circuits/old_implementation/emp-tool/emp-tool/circuits/float32_div.cpp
/usr/bin/cmake -E cmake_echo_color --switch= --green --progress-dir=/home/shf/OPRF-Garbled-Circuits/old_implementation/CMakeFiles --progress-num=10 "Building CXX object emp-tool/CMakeFiles/emp-tool.dir/emp-tool/circuits/float32_eq.cpp.o"
cd /home/shf/OPRF-Garbled-Circuits/old_implementation/emp-tool && /usr/bin/c++ -Demp_tool_EXPORTS -I/home/shf/OPRF-Garbled-Circuits/old_implementation -pthread -Wall -funroll-loops -Wno-ignored-attributes -Wno-unused-result -march=native -maes -mrdseed -std=c++11 -O3 -O3 -DNDEBUG -fPIC -MD -MT emp-tool/CMakeFiles/emp-tool.dir/emp-tool/circuits/float32_eq.cpp.o -MF CMakeFiles/emp-tool.dir/emp-tool/circuits/float32_eq.cpp.o.d -o CMakeFiles/emp-tool.dir/emp-tool/circuits/float32_eq.cpp.o -c /home/shf/OPRF-Garbled-Circuits/old_implementation/emp-tool/emp-tool/circuits/float32_eq.cpp
/usr/bin/cmake -E cmake_echo_color --switch= --green --progress-dir=/home/shf/OPRF-Garbled-Circuits/old_implementation/CMakeFiles --progress-num=11 "Building CXX object emp-tool/CMakeFiles/emp-tool.dir/emp-tool/circuits/float32_le.cpp.o"
cd /home/shf/OPRF-Garbled-Circuits/old_implementation/emp-tool && /usr/bin/c++ -Demp_tool_EXPORTS -I/home/shf/OPRF-Garbled-Circuits/old_implementation -pthread -Wall -funroll-loops -Wno-ignored-attributes -Wno-unused-result -march=native -maes -mrdseed -std=c++11 -O3 -O3 -DNDEBUG -fPIC -MD -MT emp-tool/CMakeFiles/emp-tool.dir/emp-tool/circuits/float32_le.cpp.o -MF CMakeFiles/emp-tool.dir/emp-tool/circuits/float32_le.cpp.o.d -o CMakeFiles/emp-tool.dir/emp-tool/circuits/float32_le.cpp.o -c /home/shf/OPRF-Garbled-Circuits/old_implementation/emp-tool/emp-tool/circuits/float32_le.cpp
/usr/bin/cmake -E cmake_echo_color --switch= --green --progress-dir=/home/shf/OPRF-Garbled-Circuits/old_implementation/CMakeFiles --progress-num=12 "Building CXX object emp-tool/CMakeFiles/emp-tool.dir/emp-tool/circuits/float32_leq.cpp.o"
cd /home/shf/OPRF-Garbled-Circuits/old_implementation/emp-tool && /usr/bin/c++ -Demp_tool_EXPORTS -I/home/shf/OPRF-Garbled-Circuits/old_implementation -pthread -Wall -funroll-loops -Wno-ignored-attributes -Wno-unused-result -march=native -maes -mrdseed -std=c++11 -O3 -O3 -DNDEBUG -fPIC -MD -MT emp-tool/CMakeFiles/emp-tool.dir/emp-tool/circuits/float32_leq.cpp.o -MF CMakeFiles/emp-tool.dir/emp-tool/circuits/float32_leq.cpp.o.d -o CMakeFiles/emp-tool.dir/emp-tool/circuits/float32_leq.cpp.o -c /home/shf/OPRF-Garbled-Circuits/old_implementation/emp-tool/emp-tool/circuits/float32_leq.cpp
/usr/bin/cmake -E cmake_echo_color --switch= --green --progress-dir=/home/shf/OPRF-Garbled-Circuits/old_implementation/CMakeFiles --progress-num=13 "Building CXX object emp-tool/CMakeFiles/emp-tool.dir/emp-tool/circuits/float32_mul.cpp.o"
cd /home/shf/OPRF-Garbled-Circuits/old_implementation/emp-tool && /usr/bin/c++ -Demp_tool_EXPORTS -I/home/shf/OPRF-Garbled-Circuits/old_implementation -pthread -Wall -funroll-loops -Wno-ignored-attributes -Wno-unused-result -march=native -maes -mrdseed -std=c++11 -O3 -O3 -DNDEBUG -fPIC -MD -MT emp-tool/CMakeFiles/emp-tool.dir/emp-tool/circuits/float32_mul.cpp.o -MF CMakeFiles/emp-tool.dir/emp-tool/circuits/float32_mul.cpp.o.d -o CMakeFiles/emp-tool.dir/emp-tool/circuits/float32_mul.cpp.o -c /home/shf/OPRF-Garbled-Circuits/old_implementation/emp-tool/emp-tool/circuits/float32_mul.cpp
/usr/bin/cmake -E cmake_echo_color --switch= --green --progress-dir=/home/shf/OPRF-Garbled-Circuits/old_implementation/CMakeFiles --progress-num=14 "Building CXX object emp-tool/CMakeFiles/emp-tool.dir/emp-tool/circuits/float32_sin.cpp.o"
cd /home/shf/OPRF-Garbled-Circuits/old_implementation/emp-tool && /usr/bin/c++ -Demp_tool_EXPORTS -I/home/shf/OPRF-Garbled-Circuits/old_implementation -pthread -Wall -funroll-loops -Wno-ignored-attributes -Wno-unused-result -march=native -maes -mrdseed -std=c++11 -O3 -O3 -DNDEBUG -fPIC -MD -MT emp-tool/CMakeFiles/emp-tool.dir/emp-tool/circuits/float32_sin.cpp.o -MF CMakeFiles/emp-tool.dir/emp-tool/circuits/float32_sin.cpp.o.d -o CMakeFiles/emp-tool.dir/emp-tool/circuits/float32_sin.cpp.o -c /home/shf/OPRF-Garbled-Circuits/old_implementation/emp-tool/emp-tool/circuits/float32_sin.cpp
/usr/bin/cmake -E cmake_echo_color --switch= --green --progress-dir=/home/shf/OPRF-Garbled-Circuits/old_implementation/CMakeFiles --progress-num=15 "Building CXX object emp-tool/CMakeFiles/emp-tool.dir/emp-tool/circuits/float32_sq.cpp.o"
cd /home/shf/OPRF-Garbled-Circuits/old_implementation/emp-tool && /usr/bin/c++ -Demp_tool_EXPORTS -I/home/shf/OPRF-Garbled-Circuits/old_implementation -pthread -Wall -funroll-loops -Wno-ignored-attributes -Wno-unused-result -march=native -maes -mrdseed -std=c++11 -O3 -O3 -DNDEBUG -fPIC -MD -MT emp-tool/CMakeFiles/emp-tool.dir/emp-tool/circuits/float32_sq.cpp.o -MF CMakeFiles/emp-tool.dir/emp-tool/circuits/float32_sq.cpp.o.d -o CMakeFiles/emp-tool.dir/emp-tool/circuits/float32_sq.cpp.o -c /home/shf/OPRF-Garbled-Circuits/old_implementation/emp-tool/emp-tool/circuits/float32_sq.cpp
/usr/bin/cmake -E cmake_echo_color --switch= --green --progress-dir=/home/shf/OPRF-Garbled-Circuits/old_implementation/CMakeFiles --progress-num=16 "Building CXX object emp-tool/CMakeFiles/emp-tool.dir/emp-tool/circuits/float32_sqrt.cpp.o"
cd /home/shf/OPRF-Garbled-Circuits/old_implementation/emp-tool && /usr/bin/c++ -Demp_tool_EXPORTS -I/home/shf/OPRF-Garbled-Circuits/old_implementation -pthread -Wall -funroll-loops -Wno-ignored-attributes -Wno-unused-result -march=native -maes -mrdseed -std=c++11 -O3 -O3 -DNDEBUG -fPIC -MD -MT emp-tool/CMakeFiles/emp-tool.dir/emp-tool/circuits/float32_sqrt.cpp.o -MF CMakeFiles/emp-tool.dir/emp-tool/circuits/float32_sqrt.cpp.o.d -o CMakeFiles/emp-tool.dir/emp-tool/circuits/float32_sqrt.cpp.o -c /home/shf/OPRF-Garbled-Circuits/old_implementation/emp-tool/emp-tool/circuits/float32_sqrt.cpp
/usr/bin/cmake -E cmake_echo_color --switch= --green --progress-dir=/home/shf/OPRF-Garbled-Circuits/old_implementation/CMakeFiles --progress-num=17 "Building CXX object emp-tool/CMakeFiles/emp-tool.dir/emp-tool/circuits/float32_sub.cpp.o"
cd /home/shf/OPRF-Garbled-Circuits/old_implementation/emp-tool && /usr/bin/c++ -Demp_tool_EXPORTS -I/home/shf/OPRF-Garbled-Circuits/old_implementation -pthread -Wall -funroll-loops -Wno-ignored-attributes -Wno-unused-result -march=native -maes -mrdseed -std=c++11 -O3 -O3 -DNDEBUG -fPIC -MD -MT emp-tool/CMakeFiles/emp-tool.dir/emp-tool/circuits/float32_sub.cpp.o -MF CMakeFiles/emp-tool.dir/emp-tool/circuits/float32_sub.cpp.o.d -o CMakeFiles/emp-tool.dir/emp-tool/circuits/float32_sub.cpp.o -c /home/shf/OPRF-Garbled-Circuits/old_implementation/emp-tool/emp-tool/circuits/float32_sub.cpp
/usr/bin/cmake -E cmake_echo_color --switch= --green --progress-dir=/home/shf/OPRF-Garbled-Circuits/old_implementation/CMakeFiles --progress-num=18 "Building CXX object emp-tool/CMakeFiles/emp-tool.dir/emp-tool/circuits/float32_exp2.cpp.o"
cd /home/shf/OPRF-Garbled-Circuits/old_implementation/emp-tool && /usr/bin/c++ -Demp_tool_EXPORTS -I/home/shf/OPRF-Garbled-Circuits/old_implementation -pthread -Wall -funroll-loops -Wno-ignored-attributes -Wno-unused-result -march=native -maes -mrdseed -std=c++11 -O3 -O3 -DNDEBUG -fPIC -MD -MT emp-tool/CMakeFiles/emp-tool.dir/emp-tool/circuits/float32_exp2.cpp.o -MF CMakeFiles/emp-tool.dir/emp-tool/circuits/float32_exp2.cpp.o.d -o CMakeFiles/emp-tool.dir/emp-tool/circuits/float32_exp2.cpp.o -c /home/shf/OPRF-Garbled-Circuits/old_implementation/emp-tool/emp-tool/circuits/float32_exp2.cpp
/usr/bin/cmake -E cmake_echo_color --switch= --green --progress-dir=/home/shf/OPRF-Garbled-Circuits/old_implementation/CMakeFiles --progress-num=19 "Building CXX object emp-tool/CMakeFiles/emp-tool.dir/emp-tool/circuits/float32_exp.cpp.o"
cd /home/shf/OPRF-Garbled-Circuits/old_implementation/emp-tool && /usr/bin/c++ -Demp_tool_EXPORTS -I/home/shf/OPRF-Garbled-Circuits/old_implementation -pthread -Wall -funroll-loops -Wno-ignored-attributes -Wno-unused-result -march=native -maes -mrdseed -std=c++11 -O3 -O3 -DNDEBUG -fPIC -MD -MT emp-tool/CMakeFiles/emp-tool.dir/emp-tool/circuits/float32_exp.cpp.o -MF CMakeFiles/emp-tool.dir/emp-tool/circuits/float32_exp.cpp.o.d -o CMakeFiles/emp-tool.dir/emp-tool/circuits/float32_exp.cpp.o -c /home/shf/OPRF-Garbled-Circuits/old_implementation/emp-tool/emp-tool/circuits/float32_exp.cpp
/usr/bin/cmake -E cmake_echo_color --switch= --green --progress-dir=/home/shf/OPRF-Garbled-Circuits/old_implementation/CMakeFiles --progress-num=20 "Building CXX object emp-tool/CMakeFiles/emp-tool.dir/emp-tool/circuits/float32_ln.cpp.o"
cd /home/shf/OPRF-Garbled-Circuits/old_implementation/emp-tool && /usr/bin/c++ -Demp_tool_EXPORTS -I/home/shf/OPRF-Garbled-Circuits/old_implementation -pthread -Wall -funroll-loops -Wno-ignored-attributes -Wno-unused-result -march=native -maes -mrdseed -std=c++11 -O3 -O3 -DNDEBUG -fPIC -MD -MT emp-tool/CMakeFiles/emp-tool.dir/emp-tool/circuits/float32_ln.cpp.o -MF CMakeFiles/emp-tool.dir/emp-tool/circuits/float32_ln.cpp.o.d -o CMakeFiles/emp-tool.dir/emp-tool/circuits/float32_ln.cpp.o -c /home/shf/OPRF-Garbled-Circuits/old_implementation/emp-tool/emp-tool/circuits/float32_ln.cpp
/usr/bin/cmake -E cmake_echo_color --switch= --green --progress-dir=/home/shf/OPRF-Garbled-Circuits/old_implementation/CMakeFiles --progress-num=21 "Building CXX object emp-tool/CMakeFiles/emp-tool.dir/emp-tool/circuits/float32_log2.cpp.o"
cd /home/shf/OPRF-Garbled-Circuits/old_implementation/emp-tool && /usr/bin/c++ -Demp_tool_EXPORTS -I/home/shf/OPRF-Garbled-Circuits/old_implementation -pthread -Wall -funroll-loops -Wno-ignored-attributes -Wno-unused-result -march=native -maes -mrdseed -std=c++11 -O3 -O3 -DNDEBUG -fPIC -MD -MT emp-tool/CMakeFiles/emp-tool.dir/emp-tool/circuits/float32_log2.cpp.o -MF CMakeFiles/emp-tool.dir/emp-tool/circuits/float32_log2.cpp.o.d -o CMakeFiles/emp-tool.dir/emp-tool/circuits/float32_log2.cpp.o -c /home/shf/OPRF-Garbled-Circuits/old_implementation/emp-tool/emp-tool/circuits/float32_log2.cpp
/usr/bin/cmake -E cmake_echo_color --switch= --green --bold --progress-dir=/home/shf/OPRF-Garbled-Circuits/old_implementation/CMakeFiles --progress-num=22 "Linking CXX shared library libemp-tool.so"
cd /home/shf/OPRF-Garbled-Circuits/old_implementation/emp-tool && /usr/bin/cmake -E cmake_link_script CMakeFiles/emp-tool.dir/link.txt --verbose=
make[2]: Leaving directory '/home/shf/OPRF-Garbled-Circuits/old_implementation'
/usr/bin/cmake -E cmake_echo_color --switch= --progress-dir=/home/shf/OPRF-Garbled-Circuits/old_implementation/CMakeFiles --progress-num=6,7,8,9,10,11,12,13,14,15,16,17,18,19,20,21,22 "Built target emp-tool"
make -s -f CMakeFiles/oprf_test.dir/build.make CMakeFiles/oprf_test.dir/depend
make[2]: Entering directory '/home/shf/OPRF-Garbled-Circuits/old_implementation'
cd /home/shf/OPRF-Garbled-Circuits/old_implementation && /usr/bin/cmake -E cmake_depends "Unix Makefiles" /home/shf/OPRF-Garbled-Circuits/old_implementation /home/shf/OPRF-Garbled-Circuits/old_implementation /home/shf/OPRF-Garbled-Circuits/old_implementation /home/shf/OPRF-Garbled-Circuits/old_implementation /home/shf/OPRF-Garbled-Circuits/old_implementation/CMakeFiles/oprf_test.dir/DependInfo.cmake --color=
make[2]: Leaving directory '/home/shf/OPRF-Garbled-Circuits/old_implementation'
 
make -s -f CMakeFiles/oprf_test.dir/build.make CMakeFiles/oprf_test.dir/build
make[2]: Entering directory '/home/shf/OPRF-Garbled-Circuits/old_implementation'
/usr/bin/cmake -E cmake_echo_color --switch= --green --progress-dir=/home/shf/OPRF-Garbled-Circuits/old_implementation/CMakeFiles --progress-num=26 "Building CXX object CMakeFiles/oprf_test.dir/oprf_test.cpp.o"
/usr/bin/c++  -I/home/shf/OPRF-Garbled-Circuits/old_implementation/. -I/home/shf/OPRF-Garbled-Circuits/old_implementation/emp-tool -I/home/shf/OPRF-Garbled-Circuits/old_implementation -pthread -Wall -funroll-loops -Wno-ignored-attributes -Wno-unused-result -march=native -maes -mrdseed -std=c++11 -O3 -O3 -DNDEBUG -MD -MT CMakeFiles/oprf_test.dir/oprf_test.cpp.o -MF CMakeFiles/oprf_test.dir/oprf_test.cpp.o.d -o CMakeFiles/oprf_test.dir/oprf_test.cpp.o -c /home/shf/OPRF-Garbled-Circuits/old_implementation/oprf_test.cpp
/usr/bin/cmake -E cmake_echo_color --switch= --green --progress-dir=/home/shf/OPRF-Garbled-Circuits/old_implementation/CMakeFiles --progress-num=27 "Building CXX object CMakeFiles/oprf_test.dir/garbling-scheme.cpp.o"
/usr/bin/c++  -I/home/shf/OPRF-Garbled-Circuits/old_implementation/. -I/home/shf/OPRF-Garbled-Circuits/old_implementation/emp-tool -I/home/shf/OPRF-Garbled-Circuits/old_implementation -pthread -Wall -funroll-loops -Wno-ignored-attributes -Wno-unused-result -march=native -maes -mrdseed -std=c++11 -O3 -O3 -DNDEBUG -MD -MT CMakeFiles/oprf_test.dir/garbling-scheme.cpp.o -MF CMakeFiles/oprf_test.dir/garbling-scheme.cpp.o.d -o CMakeFiles/oprf_test.dir/garbling-scheme.cpp.o -c /home/shf/OPRF-Garbled-Circuits/old_implementation/garbling-scheme.cpp
/usr/bin/cmake -E cmake_echo_color --switch= --green --bold --progress-dir=/home/shf/OPRF-Garbled-Circuits/old_implementation/CMakeFiles --progress-num=28 "Linking CXX executable bin/oprf_test"
/usr/bin/cmake -E cmake_link_script CMakeFiles/oprf_test.dir/link.txt --verbose=
make[2]: Leaving directory '/home/shf/OPRF-Garbled-Circuits/old_implementation'
/usr/bin/cmake -E cmake_echo_color --switch= --progress-dir=/home/shf/OPRF-Garbled-Circuits/old_implementation/CMakeFiles --progress-num=26,27,28 "Built target oprf_test"
make -s -f CMakeFiles/test_test.dir/build.make CMakeFiles/test_test.dir/depend
make[2]: Entering directory '/home/shf/OPRF-Garbled-Circuits/old_implementation'
cd /home/shf/OPRF-Garbled-Circuits/old_implementation && /usr/bin/cmake -E cmake_depends "Unix Makefiles" /home/shf/OPRF-Garbled-Circuits/old_implementation /home/shf/OPRF-Garbled-Circuits/old_implementation /home/shf/OPRF-Garbled-Circuits/old_implementation /home/shf/OPRF-Garbled-Circuits/old_implementation /home/shf/OPRF-Garbled-Circuits/old_implementation/CMakeFiles/test_test.dir/DependInfo.cmake --color=
make[2]: Leaving directory '/home/shf/OPRF-Garbled-Circuits/old_implementation'
make -s -f CMakeFiles/test_test.dir/build.make CMakeFiles/test_test.dir/build
make[2]: Entering directory '/home/shf/OPRF-Garbled-Circuits/old_implementation'
/usr/bin/cmake -E cmake_echo_color --switch= --green --progress-dir=/home/shf/OPRF-Garbled-Circuits/old_implementation/CMakeFiles --progress-num=65 "Building CXX object CMakeFiles/test_test.dir/test.cpp.o"
/usr/bin/c++  -I/home/shf/OPRF-Garbled-Circuits/old_implementation/. -I/home/shf/OPRF-Garbled-Circuits/old_implementation/emp-tool -I/home/shf/OPRF-Garbled-Circuits/old_implementation -pthread -Wall -funroll-loops -Wno-ignored-attributes -Wno-unused-result -march=native -maes -mrdseed -std=c++11 -O3 -O3 -DNDEBUG -MD -MT CMakeFiles/test_test.dir/test.cpp.o -MF CMakeFiles/test_test.dir/test.cpp.o.d -o CMakeFiles/test_test.dir/test.cpp.o -c /home/shf/OPRF-Garbled-Circuits/old_implementation/test.cpp
/usr/bin/cmake -E cmake_echo_color --switch= --green --progress-dir=/home/shf/OPRF-Garbled-Circuits/old_implementation/CMakeFiles --progress-num=66 "Building CXX object CMakeFiles/test_test.dir/garbling-scheme.cpp.o"
/usr/bin/c++  -I/home/shf/OPRF-Garbled-Circuits/old_implementation/. -I/home/shf/OPRF-Garbled-Circuits/old_implementation/emp-tool -I/home/shf/OPRF-Garbled-Circuits/old_implementation -pthread -Wall -funroll-loops -Wno-ignored-attributes -Wno-unused-result -march=native -maes -mrdseed -std=c++11 -O3 -O3 -DNDEBUG -MD -MT CMakeFiles/test_test.dir/garbling-scheme.cpp.o -MF CMakeFiles/test_test.dir/garbling-scheme.cpp.o.d -o CMakeFiles/test_test.dir/garbling-scheme.cpp.o -c /home/shf/OPRF-Garbled-Circuits/old_implementation/garbling-scheme.cpp
/usr/bin/cmake -E cmake_echo_color --switch= --green --bold --progress-dir=/home/shf/OPRF-Garbled-Circuits/old_implementation/CMakeFiles --progress-num=67 "Linking CXX executable bin/test_test"
/usr/bin/cmake -E cmake_link_script CMakeFiles/test_test.dir/link.txt --verbose=
make[2]: Leaving directory '/home/shf/OPRF-Garbled-Circuits/old_implementation'
/usr/bin/cmake -E cmake_echo_color --switch= --progress-dir=/home/shf/OPRF-Garbled-Circuits/old_implementation/CMakeFiles --progress-num=65,66,67 "Built target test_test"
make -s -f CMakeFiles/test_user.dir/build.make CMakeFiles/test_user.dir/depend
make[2]: Entering directory '/home/shf/OPRF-Garbled-Circuits/old_implementation'
cd /home/shf/OPRF-Garbled-Circuits/old_implementation && /usr/bin/cmake -E cmake_depends "Unix Makefiles" /home/shf/OPRF-Garbled-Circuits/old_implementation /home/shf/OPRF-Garbled-Circuits/old_implementation /home/shf/OPRF-Garbled-Circuits/old_implementation /home/shf/OPRF-Garbled-Circuits/old_implementation /home/shf/OPRF-Garbled-Circuits/old_implementation/CMakeFiles/test_user.dir/DependInfo.cmake --color=
make[2]: Leaving directory '/home/shf/OPRF-Garbled-Circuits/old_implementation'
make -s -f CMakeFiles/test_user.dir/build.make CMakeFiles/test_user.dir/build
 
make[2]: Entering directory '/home/shf/OPRF-Garbled-Circuits/old_implementation'
/usr/bin/cmake -E cmake_echo_color --switch= --green --progress-dir=/home/shf/OPRF-Garbled-Circuits/old_implementation/CMakeFiles --progress-num=70 "Building CXX object CMakeFiles/test_user.dir/oprf_user.cpp.o"
/usr/bin/c++  -I/home/shf/OPRF-Garbled-Circuits/old_implementation/. -I/home/shf/OPRF-Garbled-Circuits/old_implementation/emp-tool -I/home/shf/OPRF-Garbled-Circuits/old_implementation -pthread -Wall -funroll-loops -Wno-ignored-attributes -Wno-unused-result -march=native -maes -mrdseed -std=c++11 -O3 -O3 -DNDEBUG -MD -MT CMakeFiles/test_user.dir/oprf_user.cpp.o -MF CMakeFiles/test_user.dir/oprf_user.cpp.o.d -o CMakeFiles/test_user.dir/oprf_user.cpp.o -c /home/shf/OPRF-Garbled-Circuits/old_implementation/oprf_user.cpp
/usr/bin/cmake -E cmake_echo_color --switch= --green --progress-dir=/home/shf/OPRF-Garbled-Circuits/old_implementation/CMakeFiles --progress-num=71 "Building CXX object CMakeFiles/test_user.dir/garbling-scheme.cpp.o"
/usr/bin/c++  -I/home/shf/OPRF-Garbled-Circuits/old_implementation/. -I/home/shf/OPRF-Garbled-Circuits/old_implementation/emp-tool -I/home/shf/OPRF-Garbled-Circuits/old_implementation -pthread -Wall -funroll-loops -Wno-ignored-attributes -Wno-unused-result -march=native -maes -mrdseed -std=c++11 -O3 -O3 -DNDEBUG -MD -MT CMakeFiles/test_user.dir/garbling-scheme.cpp.o -MF CMakeFiles/test_user.dir/garbling-scheme.cpp.o.d -o CMakeFiles/test_user.dir/garbling-scheme.cpp.o -c /home/shf/OPRF-Garbled-Circuits/old_implementation/garbling-scheme.cpp
/usr/bin/cmake -E cmake_echo_color --switch= --green --bold --progress-dir=/home/shf/OPRF-Garbled-Circuits/old_implementation/CMakeFiles --progress-num=72 "Linking CXX executable bin/test_user"
/usr/bin/cmake -E cmake_link_script CMakeFiles/test_user.dir/link.txt --verbose=
make[2]: Leaving directory '/home/shf/OPRF-Garbled-Circuits/old_implementation'
/usr/bin/cmake -E cmake_echo_color --switch= --progress-dir=/home/shf/OPRF-Garbled-Circuits/old_implementation/CMakeFiles --progress-num=70,71,72 "Built target test_user"
make -s -f CMakeFiles/test_server.dir/build.make CMakeFiles/test_server.dir/depend
make[2]: Entering directory '/home/shf/OPRF-Garbled-Circuits/old_implementation'
cd /home/shf/OPRF-Garbled-Circuits/old_implementation && /usr/bin/cmake -E cmake_depends "Unix Makefiles" /home/shf/OPRF-Garbled-Circuits/old_implementation /home/shf/OPRF-Garbled-Circuits/old_implementation /home/shf/OPRF-Garbled-Circuits/old_implementation /home/shf/OPRF-Garbled-Circuits/old_implementation /home/shf/OPRF-Garbled-Circuits/old_implementation/CMakeFiles/test_server.dir/DependInfo.cmake --color=
make[2]: Leaving directory '/home/shf/OPRF-Garbled-Circuits/old_implementation'
make -s -f CMakeFiles/test_server.dir/build.make CMakeFiles/test_server.dir/build
make[2]: Entering directory '/home/shf/OPRF-Garbled-Circuits/old_implementation'
/usr/bin/cmake -E cmake_echo_color --switch= --green --progress-dir=/home/shf/OPRF-Garbled-Circuits/old_implementation/CMakeFiles --progress-num=59 "Building CXX object CMakeFiles/test_server.dir/oprf_server.cpp.o"
/usr/bin/c++  -I/home/shf/OPRF-Garbled-Circuits/old_implementation/. -I/home/shf/OPRF-Garbled-Circuits/old_implementation/emp-tool -I/home/shf/OPRF-Garbled-Circuits/old_implementation -pthread -Wall -funroll-loops -Wno-ignored-attributes -Wno-unused-result -march=native -maes -mrdseed -std=c++11 -O3 -O3 -DNDEBUG -MD -MT CMakeFiles/test_server.dir/oprf_server.cpp.o -MF CMakeFiles/test_server.dir/oprf_server.cpp.o.d -o CMakeFiles/test_server.dir/oprf_server.cpp.o -c /home/shf/OPRF-Garbled-Circuits/old_implementation/oprf_server.cpp
/usr/bin/cmake -E cmake_echo_color --switch= --green --progress-dir=/home/shf/OPRF-Garbled-Circuits/old_implementation/CMakeFiles --progress-num=60 "Building CXX object CMakeFiles/test_server.dir/garbling-scheme.cpp.o"
/usr/bin/c++  -I/home/shf/OPRF-Garbled-Circuits/old_implementation/. -I/home/shf/OPRF-Garbled-Circuits/old_implementation/emp-tool -I/home/shf/OPRF-Garbled-Circuits/old_implementation -pthread -Wall -funroll-loops -Wno-ignored-attributes -Wno-unused-result -march=native -maes -mrdseed -std=c++11 -O3 -O3 -DNDEBUG -MD -MT CMakeFiles/test_server.dir/garbling-scheme.cpp.o -MF CMakeFiles/test_server.dir/garbling-scheme.cpp.o.d -o CMakeFiles/test_server.dir/garbling-scheme.cpp.o -c /home/shf/OPRF-Garbled-Circuits/old_implementation/garbling-scheme.cpp
/usr/bin/cmake -E cmake_echo_color --switch= --green --bold --progress-dir=/home/shf/OPRF-Garbled-Circuits/old_implementation/CMakeFiles --progress-num=61 "Linking CXX executable bin/test_server"
/usr/bin/cmake -E cmake_link_script CMakeFiles/test_server.dir/link.txt --verbose=
make[2]: Leaving directory '/home/shf/OPRF-Garbled-Circuits/old_implementation'
/usr/bin/cmake -E cmake_echo_color --switch= --progress-dir=/home/shf/OPRF-Garbled-Circuits/old_implementation/CMakeFiles --progress-num=59,60,61 "Built target test_server"
make -s -f CMakeFiles/test_user_256.dir/build.make CMakeFiles/test_user_256.dir/depend
make[2]: Entering directory '/home/shf/OPRF-Garbled-Circuits/old_implementation'
cd /home/shf/OPRF-Garbled-Circuits/old_implementation && /usr/bin/cmake -E cmake_depends "Unix Makefiles" /home/shf/OPRF-Garbled-Circuits/old_implementation /home/shf/OPRF-Garbled-Circuits/old_implementation /home/shf/OPRF-Garbled-Circuits/old_implementation /home/shf/OPRF-Garbled-Circuits/old_implementation /home/shf/OPRF-Garbled-Circuits/old_implementation/CMakeFiles/test_user_256.dir/DependInfo.cmake --color=
make[2]: Leaving directory '/home/shf/OPRF-Garbled-Circuits/old_implementation'
make -s -f CMakeFiles/test_user_256.dir/build.make CMakeFiles/test_user_256.dir/build
make[2]: Entering directory '/home/shf/OPRF-Garbled-Circuits/old_implementation'
/usr/bin/cmake -E cmake_echo_color --switch= --green --progress-dir=/home/shf/OPRF-Garbled-Circuits/old_implementation/CMakeFiles --progress-num=73 "Building CXX object CMakeFiles/test_user_256.dir/oprf_user_256.cpp.o"
/usr/bin/c++  -I/home/shf/OPRF-Garbled-Circuits/old_implementation/. -I/home/shf/OPRF-Garbled-Circuits/old_implementation/emp-tool -I/home/shf/OPRF-Garbled-Circuits/old_implementation -pthread -Wall -funroll-loops -Wno-ignored-attributes -Wno-unused-result -march=native -maes -mrdseed -std=c++11 -O3 -O3 -DNDEBUG -MD -MT CMakeFiles/test_user_256.dir/oprf_user_256.cpp.o -MF CMakeFiles/test_user_256.dir/oprf_user_256.cpp.o.d -o CMakeFiles/test_user_256.dir/oprf_user_256.cpp.o -c /home/shf/OPRF-Garbled-Circuits/old_implementation/oprf_user_256.cpp
/usr/bin/cmake -E cmake_echo_color --switch= --green --progress-dir=/home/shf/OPRF-Garbled-Circuits/old_implementation/CMakeFiles --progress-num=74 "Building CXX object CMakeFiles/test_user_256.dir/garbling-scheme.cpp.o"
/usr/bin/c++  -I/home/shf/OPRF-Garbled-Circuits/old_implementation/. -I/home/shf/OPRF-Garbled-Circuits/old_implementation/emp-tool -I/home/shf/OPRF-Garbled-Circuits/old_implementation -pthread -Wall -funroll-loops -Wno-ignored-attributes -Wno-unused-result -march=native -maes -mrdseed -std=c++11 -O3 -O3 -DNDEBUG -MD -MT CMakeFiles/test_user_256.dir/garbling-scheme.cpp.o -MF CMakeFiles/test_user_256.dir/garbling-scheme.cpp.o.d -o CMakeFiles/test_user_256.dir/garbling-scheme.cpp.o -c /home/shf/OPRF-Garbled-Circuits/old_implementation/garbling-scheme.cpp
/usr/bin/cmake -E cmake_echo_color --switch= --green --bold --progress-dir=/home/shf/OPRF-Garbled-Circuits/old_implementation/CMakeFiles --progress-num=75 "Linking CXX executable bin/test_user_256"
/usr/bin/cmake -E cmake_link_script CMakeFiles/test_user_256.dir/link.txt --verbose=
make[2]: Leaving directory '/home/shf/OPRF-Garbled-Circuits/old_implementation'
/usr/bin/cmake -E cmake_echo_color --switch= --progress-dir=/home/shf/OPRF-Garbled-Circuits/old_implementation/CMakeFiles --progress-num=73,74,75 "Built target test_user_256"
make -s -f CMakeFiles/test_server_256.dir/build.make CMakeFiles/test_server_256.dir/depend
make[2]: Entering directory '/home/shf/OPRF-Garbled-Circuits/old_implementation'
cd /home/shf/OPRF-Garbled-Circuits/old_implementation && /usr/bin/cmake -E cmake_depends "Unix Makefiles" /home/shf/OPRF-Garbled-Circuits/old_implementation /home/shf/OPRF-Garbled-Circuits/old_implementation /home/shf/OPRF-Garbled-Circuits/old_implementation /home/shf/OPRF-Garbled-Circuits/old_implementation /home/shf/OPRF-Garbled-Circuits/old_implementation/CMakeFiles/test_server_256.dir/DependInfo.cmake --color=
make[2]: Leaving directory '/home/shf/OPRF-Garbled-Circuits/old_implementation'
make -s -f CMakeFiles/test_server_256.dir/build.make CMakeFiles/test_server_256.dir/build
make[2]: Entering directory '/home/shf/OPRF-Garbled-Circuits/old_implementation'
/usr/bin/cmake -E cmake_echo_color --switch= --green --progress-dir=/home/shf/OPRF-Garbled-Circuits/old_implementation/CMakeFiles --progress-num=62 "Building CXX object CMakeFiles/test_server_256.dir/oprf_server_256.cpp.o"
/usr/bin/c++  -I/home/shf/OPRF-Garbled-Circuits/old_implementation/. -I/home/shf/OPRF-Garbled-Circuits/old_implementation/emp-tool -I/home/shf/OPRF-Garbled-Circuits/old_implementation -pthread -Wall -funroll-loops -Wno-ignored-attributes -Wno-unused-result -march=native -maes -mrdseed -std=c++11 -O3 -O3 -DNDEBUG -MD -MT CMakeFiles/test_server_256.dir/oprf_server_256.cpp.o -MF CMakeFiles/test_server_256.dir/oprf_server_256.cpp.o.d -o CMakeFiles/test_server_256.dir/oprf_server_256.cpp.o -c /home/shf/OPRF-Garbled-Circuits/old_implementation/oprf_server_256.cpp
/usr/bin/cmake -E cmake_echo_color --switch= --green --progress-dir=/home/shf/OPRF-Garbled-Circuits/old_implementation/CMakeFiles --progress-num=63 "Building CXX object CMakeFiles/test_server_256.dir/garbling-scheme.cpp.o"
/usr/bin/c++  -I/home/shf/OPRF-Garbled-Circuits/old_implementation/. -I/home/shf/OPRF-Garbled-Circuits/old_implementation/emp-tool -I/home/shf/OPRF-Garbled-Circuits/old_implementation -pthread -Wall -funroll-loops -Wno-ignored-attributes -Wno-unused-result -march=native -maes -mrdseed -std=c++11 -O3 -O3 -DNDEBUG -MD -MT CMakeFiles/test_server_256.dir/garbling-scheme.cpp.o -MF CMakeFiles/test_server_256.dir/garbling-scheme.cpp.o.d -o CMakeFiles/test_server_256.dir/garbling-scheme.cpp.o -c /home/shf/OPRF-Garbled-Circuits/old_implementation/garbling-scheme.cpp
/usr/bin/cmake -E cmake_echo_color --switch= --green --bold --progress-dir=/home/shf/OPRF-Garbled-Circuits/old_implementation/CMakeFiles --progress-num=64 "Linking CXX executable bin/test_server_256"
/usr/bin/cmake -E cmake_link_script CMakeFiles/test_server_256.dir/link.txt --verbose=
make[2]: Leaving directory '/home/shf/OPRF-Garbled-Circuits/old_implementation'
/usr/bin/cmake -E cmake_echo_color --switch= --progress-dir=/home/shf/OPRF-Garbled-Circuits/old_implementation/CMakeFiles --progress-num=62,63,64 "Built target test_server_256"
make -s -f CMakeFiles/2HashDH_server.dir/build.make CMakeFiles/2HashDH_server.dir/depend
make[2]: Entering directory '/home/shf/OPRF-Garbled-Circuits/old_implementation'
cd /home/shf/OPRF-Garbled-Circuits/old_implementation && /usr/bin/cmake -E cmake_depends "Unix Makefiles" /home/shf/OPRF-Garbled-Circuits/old_implementation /home/shf/OPRF-Garbled-Circuits/old_implementation /home/shf/OPRF-Garbled-Circuits/old_implementation /home/shf/OPRF-Garbled-Circuits/old_implementation /home/shf/OPRF-Garbled-Circuits/old_implementation/CMakeFiles/2HashDH_server.dir/DependInfo.cmake --color=
make[2]: Leaving directory '/home/shf/OPRF-Garbled-Circuits/old_implementation'
make -s -f CMakeFiles/2HashDH_server.dir/build.make CMakeFiles/2HashDH_server.dir/build
make[2]: Entering directory '/home/shf/OPRF-Garbled-Circuits/old_implementation'
/usr/bin/cmake -E cmake_echo_color --switch= --green --progress-dir=/home/shf/OPRF-Garbled-Circuits/old_implementation/CMakeFiles --progress-num=1 "Building CXX object CMakeFiles/2HashDH_server.dir/2HashDH_Server.cpp.o"
/usr/bin/c++  -I/home/shf/OPRF-Garbled-Circuits/old_implementation/. -I/home/shf/OPRF-Garbled-Circuits/old_implementation/emp-tool -I/home/shf/OPRF-Garbled-Circuits/old_implementation -pthread -Wall -funroll-loops -Wno-ignored-attributes -Wno-unused-result -march=native -maes -mrdseed -std=c++11 -O3 -O3 -DNDEBUG -MD -MT CMakeFiles/2HashDH_server.dir/2HashDH_Server.cpp.o -MF CMakeFiles/2HashDH_server.dir/2HashDH_Server.cpp.o.d -o CMakeFiles/2HashDH_server.dir/2HashDH_Server.cpp.o -c /home/shf/OPRF-Garbled-Circuits/old_implementation/2HashDH_Server.cpp
/usr/bin/cmake -E cmake_echo_color --switch= --green --bold --progress-dir=/home/shf/OPRF-Garbled-Circuits/old_implementation/CMakeFiles --progress-num=2 "Linking CXX executable bin/2HashDH_server"
/usr/bin/cmake -E cmake_link_script CMakeFiles/2HashDH_server.dir/link.txt --verbose=
make[2]: Leaving directory '/home/shf/OPRF-Garbled-Circuits/old_implementation'
/usr/bin/cmake -E cmake_echo_color --switch= --progress-dir=/home/shf/OPRF-Garbled-Circuits/old_implementation/CMakeFiles --progress-num=1,2 "Built target 2HashDH_server"
make -s -f CMakeFiles/2HashDH_user.dir/build.make CMakeFiles/2HashDH_user.dir/depend
make[2]: Entering directory '/home/shf/OPRF-Garbled-Circuits/old_implementation'
cd /home/shf/OPRF-Garbled-Circuits/old_implementation && /usr/bin/cmake -E cmake_depends "Unix Makefiles" /home/shf/OPRF-Garbled-Circuits/old_implementation /home/shf/OPRF-Garbled-Circuits/old_implementation /home/shf/OPRF-Garbled-Circuits/old_implementation /home/shf/OPRF-Garbled-Circuits/old_implementation /home/shf/OPRF-Garbled-Circuits/old_implementation/CMakeFiles/2HashDH_user.dir/DependInfo.cmake --color=
make[2]: Leaving directory '/home/shf/OPRF-Garbled-Circuits/old_implementation'
make -s -f CMakeFiles/2HashDH_user.dir/build.make CMakeFiles/2HashDH_user.dir/build
make[2]: Entering directory '/home/shf/OPRF-Garbled-Circuits/old_implementation'
/usr/bin/cmake -E cmake_echo_color --switch= --green --progress-dir=/home/shf/OPRF-Garbled-Circuits/old_implementation/CMakeFiles --progress-num=3 "Building CXX object CMakeFiles/2HashDH_user.dir/2HashDH_User.cpp.o"
/usr/bin/c++  -I/home/shf/OPRF-Garbled-Circuits/old_implementation/. -I/home/shf/OPRF-Garbled-Circuits/old_implementation/emp-tool -I/home/shf/OPRF-Garbled-Circuits/old_implementation -pthread -Wall -funroll-loops -Wno-ignored-attributes -Wno-unused-result -march=native -maes -mrdseed -std=c++11 -O3 -O3 -DNDEBUG -MD -MT CMakeFiles/2HashDH_user.dir/2HashDH_User.cpp.o -MF CMakeFiles/2HashDH_user.dir/2HashDH_User.cpp.o.d -o CMakeFiles/2HashDH_user.dir/2HashDH_User.cpp.o -c /home/shf/OPRF-Garbled-Circuits/old_implementation/2HashDH_User.cpp
/usr/bin/cmake -E cmake_echo_color --switch= --green --progress-dir=/home/shf/OPRF-Garbled-Circuits/old_implementation/CMakeFiles --progress-num=4 "Building CXX object CMakeFiles/2HashDH_user.dir/hash2Curve.cpp.o"
/usr/bin/c++  -I/home/shf/OPRF-Garbled-Circuits/old_implementation/. -I/home/shf/OPRF-Garbled-Circuits/old_implementation/emp-tool -I/home/shf/OPRF-Garbled-Circuits/old_implementation -pthread -Wall -funroll-loops -Wno-ignored-attributes -Wno-unused-result -march=native -maes -mrdseed -std=c++11 -O3 -O3 -DNDEBUG -MD -MT CMakeFiles/2HashDH_user.dir/hash2Curve.cpp.o -MF CMakeFiles/2HashDH_user.dir/hash2Curve.cpp.o.d -o CMakeFiles/2HashDH_user.dir/hash2Curve.cpp.o -c /home/shf/OPRF-Garbled-Circuits/old_implementation/hash2Curve.cpp
/usr/bin/cmake -E cmake_echo_color --switch= --green --bold --progress-dir=/home/shf/OPRF-Garbled-Circuits/old_implementation/CMakeFiles --progress-num=5 "Linking CXX executable bin/2HashDH_user"
/usr/bin/cmake -E cmake_link_script CMakeFiles/2HashDH_user.dir/link.txt --verbose=
make[2]: Leaving directory '/home/shf/OPRF-Garbled-Circuits/old_implementation'
/usr/bin/cmake -E cmake_echo_color --switch= --progress-dir=/home/shf/OPRF-Garbled-Circuits/old_implementation/CMakeFiles --progress-num=3,4,5 "Built target 2HashDH_user"
make -s -f CMakeFiles/hash2Curve_test.dir/build.make CMakeFiles/hash2Curve_test.dir/depend
make[2]: Entering directory '/home/shf/OPRF-Garbled-Circuits/old_implementation'
cd /home/shf/OPRF-Garbled-Circuits/old_implementation && /usr/bin/cmake -E cmake_depends "Unix Makefiles" /home/shf/OPRF-Garbled-Circuits/old_implementation /home/shf/OPRF-Garbled-Circuits/old_implementation /home/shf/OPRF-Garbled-Circuits/old_implementation /home/shf/OPRF-Garbled-Circuits/old_implementation /home/shf/OPRF-Garbled-Circuits/old_implementation/CMakeFiles/hash2Curve_test.dir/DependInfo.cmake --color=
make[2]: Leaving directory '/home/shf/OPRF-Garbled-Circuits/old_implementation'
make -s -f CMakeFiles/hash2Curve_test.dir/build.make CMakeFiles/hash2Curve_test.dir/build
 
make[2]: Entering directory '/home/shf/OPRF-Garbled-Circuits/old_implementation'
/usr/bin/cmake -E cmake_echo_color --switch= --green --progress-dir=/home/shf/OPRF-Garbled-Circuits/old_implementation/CMakeFiles --progress-num=23 "Building CXX object CMakeFiles/hash2Curve_test.dir/hash2Curve_unit_tests.cpp.o"
/usr/bin/c++  -I/home/shf/OPRF-Garbled-Circuits/old_implementation -pthread -Wall -funroll-loops -Wno-ignored-attributes -Wno-unused-result -march=native -maes -mrdseed -std=c++11 -O3 -O3 -DNDEBUG -MD -MT CMakeFiles/hash2Curve_test.dir/hash2Curve_unit_tests.cpp.o -MF CMakeFiles/hash2Curve_test.dir/hash2Curve_unit_tests.cpp.o.d -o CMakeFiles/hash2Curve_test.dir/hash2Curve_unit_tests.cpp.o -c /home/shf/OPRF-Garbled-Circuits/old_implementation/hash2Curve_unit_tests.cpp
/usr/bin/cmake -E cmake_echo_color --switch= --green --progress-dir=/home/shf/OPRF-Garbled-Circuits/old_implementation/CMakeFiles --progress-num=24 "Building CXX object CMakeFiles/hash2Curve_test.dir/hash2Curve.cpp.o"
/usr/bin/c++  -I/home/shf/OPRF-Garbled-Circuits/old_implementation -pthread -Wall -funroll-loops -Wno-ignored-attributes -Wno-unused-result -march=native -maes -mrdseed -std=c++11 -O3 -O3 -DNDEBUG -MD -MT CMakeFiles/hash2Curve_test.dir/hash2Curve.cpp.o -MF CMakeFiles/hash2Curve_test.dir/hash2Curve.cpp.o.d -o CMakeFiles/hash2Curve_test.dir/hash2Curve.cpp.o -c /home/shf/OPRF-Garbled-Circuits/old_implementation/hash2Curve.cpp
/usr/bin/cmake -E cmake_echo_color --switch= --green --bold --progress-dir=/home/shf/OPRF-Garbled-Circuits/old_implementation/CMakeFiles --progress-num=25 "Linking CXX executable bin/hash2Curve_test"
/usr/bin/cmake -E cmake_link_script CMakeFiles/hash2Curve_test.dir/link.txt --verbose=
make[2]: Leaving directory '/home/shf/OPRF-Garbled-Circuits/old_implementation'
/usr/bin/cmake -E cmake_echo_color --switch= --progress-dir=/home/shf/OPRF-Garbled-Circuits/old_implementation/CMakeFiles --progress-num=23,24,25 "Built target hash2Curve_test"
make -s -f emp-tool/test/CMakeFiles/test_prg.dir/build.make emp-tool/test/CMakeFiles/test_prg.dir/depend
make[2]: Entering directory '/home/shf/OPRF-Garbled-Circuits/old_implementation'
cd /home/shf/OPRF-Garbled-Circuits/old_implementation && /usr/bin/cmake -E cmake_depends "Unix Makefiles" /home/shf/OPRF-Garbled-Circuits/old_implementation /home/shf/OPRF-Garbled-Circuits/old_implementation/emp-tool/test /home/shf/OPRF-Garbled-Circuits/old_implementation /home/shf/OPRF-Garbled-Circuits/old_implementation/emp-tool/test /home/shf/OPRF-Garbled-Circuits/old_implementation/emp-tool/test/CMakeFiles/test_prg.dir/DependInfo.cmake --color=
make[2]: Leaving directory '/home/shf/OPRF-Garbled-Circuits/old_implementation'
make -s -f emp-tool/test/CMakeFiles/test_prg.dir/build.make emp-tool/test/CMakeFiles/test_prg.dir/build
make[2]: Entering directory '/home/shf/OPRF-Garbled-Circuits/old_implementation'
/usr/bin/cmake -E cmake_echo_color --switch= --green --progress-dir=/home/shf/OPRF-Garbled-Circuits/old_implementation/CMakeFiles --progress-num=55 "Building CXX object emp-tool/test/CMakeFiles/test_prg.dir/prg.cpp.o"
cd /home/shf/OPRF-Garbled-Circuits/old_implementation/emp-tool/test && /usr/bin/c++  -I/home/shf/OPRF-Garbled-Circuits/old_implementation -pthread -Wall -funroll-loops -Wno-ignored-attributes -Wno-unused-result -march=native -maes -mrdseed -std=c++11 -O3 -O3 -DNDEBUG -MD -MT emp-tool/test/CMakeFiles/test_prg.dir/prg.cpp.o -MF CMakeFiles/test_prg.dir/prg.cpp.o.d -o CMakeFiles/test_prg.dir/prg.cpp.o -c /home/shf/OPRF-Garbled-Circuits/old_implementation/emp-tool/test/prg.cpp
/usr/bin/cmake -E cmake_echo_color --switch= --green --bold --progress-dir=/home/shf/OPRF-Garbled-Circuits/old_implementation/CMakeFiles --progress-num=56 "Linking CXX executable ../../bin/test_prg"
cd /home/shf/OPRF-Garbled-Circuits/old_implementation/emp-tool/test && /usr/bin/cmake -E cmake_link_script CMakeFiles/test_prg.dir/link.txt --verbose=
make[2]: Leaving directory '/home/shf/OPRF-Garbled-Circuits/old_implementation'
/usr/bin/cmake -E cmake_echo_color --switch= --progress-dir=/home/shf/OPRF-Garbled-Circuits/old_implementation/CMakeFiles --progress-num=55,56 "Built target test_prg"
make -s -f emp-tool/test/CMakeFiles/test_hash.dir/build.make emp-tool/test/CMakeFiles/test_hash.dir/depend
make[2]: Entering directory '/home/shf/OPRF-Garbled-Circuits/old_implementation'
cd /home/shf/OPRF-Garbled-Circuits/old_implementation && /usr/bin/cmake -E cmake_depends "Unix Makefiles" /home/shf/OPRF-Garbled-Circuits/old_implementation /home/shf/OPRF-Garbled-Circuits/old_implementation/emp-tool/test /home/shf/OPRF-Garbled-Circuits/old_implementation /home/shf/OPRF-Garbled-Circuits/old_implementation/emp-tool/test /home/shf/OPRF-Garbled-Circuits/old_implementation/emp-tool/test/CMakeFiles/test_hash.dir/DependInfo.cmake --color=
make[2]: Leaving directory '/home/shf/OPRF-Garbled-Circuits/old_implementation'
make -s -f emp-tool/test/CMakeFiles/test_hash.dir/build.make emp-tool/test/CMakeFiles/test_hash.dir/build
make[2]: Entering directory '/home/shf/OPRF-Garbled-Circuits/old_implementation'
/usr/bin/cmake -E cmake_echo_color --switch= --green --progress-dir=/home/shf/OPRF-Garbled-Circuits/old_implementation/CMakeFiles --progress-num=45 "Building CXX object emp-tool/test/CMakeFiles/test_hash.dir/hash.cpp.o"
cd /home/shf/OPRF-Garbled-Circuits/old_implementation/emp-tool/test && /usr/bin/c++  -I/home/shf/OPRF-Garbled-Circuits/old_implementation -pthread -Wall -funroll-loops -Wno-ignored-attributes -Wno-unused-result -march=native -maes -mrdseed -std=c++11 -O3 -O3 -DNDEBUG -MD -MT emp-tool/test/CMakeFiles/test_hash.dir/hash.cpp.o -MF CMakeFiles/test_hash.dir/hash.cpp.o.d -o CMakeFiles/test_hash.dir/hash.cpp.o -c /home/shf/OPRF-Garbled-Circuits/old_implementation/emp-tool/test/hash.cpp
/usr/bin/cmake -E cmake_echo_color --switch= --green --bold --progress-dir=/home/shf/OPRF-Garbled-Circuits/old_implementation/CMakeFiles --progress-num=46 "Linking CXX executable ../../bin/test_hash"
cd /home/shf/OPRF-Garbled-Circuits/old_implementation/emp-tool/test && /usr/bin/cmake -E cmake_link_script CMakeFiles/test_hash.dir/link.txt --verbose=
make[2]: Leaving directory '/home/shf/OPRF-Garbled-Circuits/old_implementation'
/usr/bin/cmake -E cmake_echo_color --switch= --progress-dir=/home/shf/OPRF-Garbled-Circuits/old_implementation/CMakeFiles --progress-num=45,46 "Built target test_hash"
make -s -f emp-tool/test/CMakeFiles/test_prp.dir/build.make emp-tool/test/CMakeFiles/test_prp.dir/depend
make[2]: Entering directory '/home/shf/OPRF-Garbled-Circuits/old_implementation'
cd /home/shf/OPRF-Garbled-Circuits/old_implementation && /usr/bin/cmake -E cmake_depends "Unix Makefiles" /home/shf/OPRF-Garbled-Circuits/old_implementation /home/shf/OPRF-Garbled-Circuits/old_implementation/emp-tool/test /home/shf/OPRF-Garbled-Circuits/old_implementation /home/shf/OPRF-Garbled-Circuits/old_implementation/emp-tool/test /home/shf/OPRF-Garbled-Circuits/old_implementation/emp-tool/test/CMakeFiles/test_prp.dir/DependInfo.cmake --color=
make[2]: Leaving directory '/home/shf/OPRF-Garbled-Circuits/old_implementation'
make -s -f emp-tool/test/CMakeFiles/test_prp.dir/build.make emp-tool/test/CMakeFiles/test_prp.dir/build
 
make[2]: Entering directory '/home/shf/OPRF-Garbled-Circuits/old_implementation'
/usr/bin/cmake -E cmake_echo_color --switch= --green --progress-dir=/home/shf/OPRF-Garbled-Circuits/old_implementation/CMakeFiles --progress-num=57 "Building CXX object emp-tool/test/CMakeFiles/test_prp.dir/prp.cpp.o"
cd /home/shf/OPRF-Garbled-Circuits/old_implementation/emp-tool/test && /usr/bin/c++  -I/home/shf/OPRF-Garbled-Circuits/old_implementation -pthread -Wall -funroll-loops -Wno-ignored-attributes -Wno-unused-result -march=native -maes -mrdseed -std=c++11 -O3 -O3 -DNDEBUG -MD -MT emp-tool/test/CMakeFiles/test_prp.dir/prp.cpp.o -MF CMakeFiles/test_prp.dir/prp.cpp.o.d -o CMakeFiles/test_prp.dir/prp.cpp.o -c /home/shf/OPRF-Garbled-Circuits/old_implementation/emp-tool/test/prp.cpp
/usr/bin/cmake -E cmake_echo_color --switch= --green --bold --progress-dir=/home/shf/OPRF-Garbled-Circuits/old_implementation/CMakeFiles --progress-num=58 "Linking CXX executable ../../bin/test_prp"
cd /home/shf/OPRF-Garbled-Circuits/old_implementation/emp-tool/test && /usr/bin/cmake -E cmake_link_script CMakeFiles/test_prp.dir/link.txt --verbose=
make[2]: Leaving directory '/home/shf/OPRF-Garbled-Circuits/old_implementation'
/usr/bin/cmake -E cmake_echo_color --switch= --progress-dir=/home/shf/OPRF-Garbled-Circuits/old_implementation/CMakeFiles --progress-num=57,58 "Built target test_prp"
make -s -f emp-tool/test/CMakeFiles/test_netio.dir/build.make emp-tool/test/CMakeFiles/test_netio.dir/depend
make[2]: Entering directory '/home/shf/OPRF-Garbled-Circuits/old_implementation'
cd /home/shf/OPRF-Garbled-Circuits/old_implementation && /usr/bin/cmake -E cmake_depends "Unix Makefiles" /home/shf/OPRF-Garbled-Circuits/old_implementation /home/shf/OPRF-Garbled-Circuits/old_implementation/emp-tool/test /home/shf/OPRF-Garbled-Circuits/old_implementation /home/shf/OPRF-Garbled-Circuits/old_implementation/emp-tool/test /home/shf/OPRF-Garbled-Circuits/old_implementation/emp-tool/test/CMakeFiles/test_netio.dir/DependInfo.cmake --color=
make[2]: Leaving directory '/home/shf/OPRF-Garbled-Circuits/old_implementation'
make -s -f emp-tool/test/CMakeFiles/test_netio.dir/build.make emp-tool/test/CMakeFiles/test_netio.dir/build
make[2]: Entering directory '/home/shf/OPRF-Garbled-Circuits/old_implementation'
/usr/bin/cmake -E cmake_echo_color --switch= --green --progress-dir=/home/shf/OPRF-Garbled-Circuits/old_implementation/CMakeFiles --progress-num=51 "Building CXX object emp-tool/test/CMakeFiles/test_netio.dir/netio.cpp.o"
cd /home/shf/OPRF-Garbled-Circuits/old_implementation/emp-tool/test && /usr/bin/c++  -I/home/shf/OPRF-Garbled-Circuits/old_implementation -pthread -Wall -funroll-loops -Wno-ignored-attributes -Wno-unused-result -march=native -maes -mrdseed -std=c++11 -O3 -O3 -DNDEBUG -MD -MT emp-tool/test/CMakeFiles/test_netio.dir/netio.cpp.o -MF CMakeFiles/test_netio.dir/netio.cpp.o.d -o CMakeFiles/test_netio.dir/netio.cpp.o -c /home/shf/OPRF-Garbled-Circuits/old_implementation/emp-tool/test/netio.cpp
/usr/bin/cmake -E cmake_echo_color --switch= --green --bold --progress-dir=/home/shf/OPRF-Garbled-Circuits/old_implementation/CMakeFiles --progress-num=52 "Linking CXX executable ../../bin/test_netio"
cd /home/shf/OPRF-Garbled-Circuits/old_implementation/emp-tool/test && /usr/bin/cmake -E cmake_link_script CMakeFiles/test_netio.dir/link.txt --verbose=
make[2]: Leaving directory '/home/shf/OPRF-Garbled-Circuits/old_implementation'
/usr/bin/cmake -E cmake_echo_color --switch= --progress-dir=/home/shf/OPRF-Garbled-Circuits/old_implementation/CMakeFiles --progress-num=51,52 "Built target test_netio"
make -s -f emp-tool/test/CMakeFiles/test_netio2.dir/build.make emp-tool/test/CMakeFiles/test_netio2.dir/depend
make[2]: Entering directory '/home/shf/OPRF-Garbled-Circuits/old_implementation'
cd /home/shf/OPRF-Garbled-Circuits/old_implementation && /usr/bin/cmake -E cmake_depends "Unix Makefiles" /home/shf/OPRF-Garbled-Circuits/old_implementation /home/shf/OPRF-Garbled-Circuits/old_implementation/emp-tool/test /home/shf/OPRF-Garbled-Circuits/old_implementation /home/shf/OPRF-Garbled-Circuits/old_implementation/emp-tool/test /home/shf/OPRF-Garbled-Circuits/old_implementation/emp-tool/test/CMakeFiles/test_netio2.dir/DependInfo.cmake --color=
make[2]: Leaving directory '/home/shf/OPRF-Garbled-Circuits/old_implementation'
make -s -f emp-tool/test/CMakeFiles/test_netio2.dir/build.make emp-tool/test/CMakeFiles/test_netio2.dir/build
make[2]: Entering directory '/home/shf/OPRF-Garbled-Circuits/old_implementation'
/usr/bin/cmake -E cmake_echo_color --switch= --green --progress-dir=/home/shf/OPRF-Garbled-Circuits/old_implementation/CMakeFiles --progress-num=53 "Building CXX object emp-tool/test/CMakeFiles/test_netio2.dir/netio2.cpp.o"
cd /home/shf/OPRF-Garbled-Circuits/old_implementation/emp-tool/test && /usr/bin/c++  -I/home/shf/OPRF-Garbled-Circuits/old_implementation -pthread -Wall -funroll-loops -Wno-ignored-attributes -Wno-unused-result -march=native -maes -mrdseed -std=c++11 -O3 -O3 -DNDEBUG -MD -MT emp-tool/test/CMakeFiles/test_netio2.dir/netio2.cpp.o -MF CMakeFiles/test_netio2.dir/netio2.cpp.o.d -o CMakeFiles/test_netio2.dir/netio2.cpp.o -c /home/shf/OPRF-Garbled-Circuits/old_implementation/emp-tool/test/netio2.cpp
/usr/bin/cmake -E cmake_echo_color --switch= --green --bold --progress-dir=/home/shf/OPRF-Garbled-Circuits/old_implementation/CMakeFiles --progress-num=54 "Linking CXX executable ../../bin/test_netio2"
cd /home/shf/OPRF-Garbled-Circuits/old_implementation/emp-tool/test && /usr/bin/cmake -E cmake_link_script CMakeFiles/test_netio2.dir/link.txt --verbose=
make[2]: Leaving directory '/home/shf/OPRF-Garbled-Circuits/old_implementation'
/usr/bin/cmake -E cmake_echo_color --switch= --progress-dir=/home/shf/OPRF-Garbled-Circuits/old_implementation/CMakeFiles --progress-num=53,54 "Built target test_netio2"
make -s -f emp-tool/test/CMakeFiles/test_bit.dir/build.make emp-tool/test/CMakeFiles/test_bit.dir/depend
make[2]: Entering directory '/home/shf/OPRF-Garbled-Circuits/old_implementation'
cd /home/shf/OPRF-Garbled-Circuits/old_implementation && /usr/bin/cmake -E cmake_depends "Unix Makefiles" /home/shf/OPRF-Garbled-Circuits/old_implementation /home/shf/OPRF-Garbled-Circuits/old_implementation/emp-tool/test /home/shf/OPRF-Garbled-Circuits/old_implementation /home/shf/OPRF-Garbled-Circuits/old_implementation/emp-tool/test /home/shf/OPRF-Garbled-Circuits/old_implementation/emp-tool/test/CMakeFiles/test_bit.dir/DependInfo.cmake --color=
make[2]: Leaving directory '/home/shf/OPRF-Garbled-Circuits/old_implementation'
make -s -f emp-tool/test/CMakeFiles/test_bit.dir/build.make emp-tool/test/CMakeFiles/test_bit.dir/build
 
make[2]: Entering directory '/home/shf/OPRF-Garbled-Circuits/old_implementation'
/usr/bin/cmake -E cmake_echo_color --switch= --green --progress-dir=/home/shf/OPRF-Garbled-Circuits/old_implementation/CMakeFiles --progress-num=31 "Building CXX object emp-tool/test/CMakeFiles/test_bit.dir/bit.cpp.o"
cd /home/shf/OPRF-Garbled-Circuits/old_implementation/emp-tool/test && /usr/bin/c++  -I/home/shf/OPRF-Garbled-Circuits/old_implementation -pthread -Wall -funroll-loops -Wno-ignored-attributes -Wno-unused-result -march=native -maes -mrdseed -std=c++11 -O3 -O3 -DNDEBUG -MD -MT emp-tool/test/CMakeFiles/test_bit.dir/bit.cpp.o -MF CMakeFiles/test_bit.dir/bit.cpp.o.d -o CMakeFiles/test_bit.dir/bit.cpp.o -c /home/shf/OPRF-Garbled-Circuits/old_implementation/emp-tool/test/bit.cpp
/usr/bin/cmake -E cmake_echo_color --switch= --green --bold --progress-dir=/home/shf/OPRF-Garbled-Circuits/old_implementation/CMakeFiles --progress-num=32 "Linking CXX executable ../../bin/test_bit"
cd /home/shf/OPRF-Garbled-Circuits/old_implementation/emp-tool/test && /usr/bin/cmake -E cmake_link_script CMakeFiles/test_bit.dir/link.txt --verbose=
make[2]: Leaving directory '/home/shf/OPRF-Garbled-Circuits/old_implementation'
/usr/bin/cmake -E cmake_echo_color --switch= --progress-dir=/home/shf/OPRF-Garbled-Circuits/old_implementation/CMakeFiles --progress-num=31,32 "Built target test_bit"
make -s -f emp-tool/test/CMakeFiles/test_ecc.dir/build.make emp-tool/test/CMakeFiles/test_ecc.dir/depend
make[2]: Entering directory '/home/shf/OPRF-Garbled-Circuits/old_implementation'
cd /home/shf/OPRF-Garbled-Circuits/old_implementation && /usr/bin/cmake -E cmake_depends "Unix Makefiles" /home/shf/OPRF-Garbled-Circuits/old_implementation /home/shf/OPRF-Garbled-Circuits/old_implementation/emp-tool/test /home/shf/OPRF-Garbled-Circuits/old_implementation /home/shf/OPRF-Garbled-Circuits/old_implementation/emp-tool/test /home/shf/OPRF-Garbled-Circuits/old_implementation/emp-tool/test/CMakeFiles/test_ecc.dir/DependInfo.cmake --color=
make[2]: Leaving directory '/home/shf/OPRF-Garbled-Circuits/old_implementation'
make -s -f emp-tool/test/CMakeFiles/test_ecc.dir/build.make emp-tool/test/CMakeFiles/test_ecc.dir/build
make[2]: Entering directory '/home/shf/OPRF-Garbled-Circuits/old_implementation'
/usr/bin/cmake -E cmake_echo_color --switch= --green --progress-dir=/home/shf/OPRF-Garbled-Circuits/old_implementation/CMakeFiles --progress-num=33 "Building CXX object emp-tool/test/CMakeFiles/test_ecc.dir/ecc.cpp.o"
cd /home/shf/OPRF-Garbled-Circuits/old_implementation/emp-tool/test && /usr/bin/c++  -I/home/shf/OPRF-Garbled-Circuits/old_implementation -pthread -Wall -funroll-loops -Wno-ignored-attributes -Wno-unused-result -march=native -maes -mrdseed -std=c++11 -O3 -O3 -DNDEBUG -MD -MT emp-tool/test/CMakeFiles/test_ecc.dir/ecc.cpp.o -MF CMakeFiles/test_ecc.dir/ecc.cpp.o.d -o CMakeFiles/test_ecc.dir/ecc.cpp.o -c /home/shf/OPRF-Garbled-Circuits/old_implementation/emp-tool/test/ecc.cpp
/usr/bin/cmake -E cmake_echo_color --switch= --green --bold --progress-dir=/home/shf/OPRF-Garbled-Circuits/old_implementation/CMakeFiles --progress-num=34 "Linking CXX executable ../../bin/test_ecc"
cd /home/shf/OPRF-Garbled-Circuits/old_implementation/emp-tool/test && /usr/bin/cmake -E cmake_link_script CMakeFiles/test_ecc.dir/link.txt --verbose=
make[2]: Leaving directory '/home/shf/OPRF-Garbled-Circuits/old_implementation'
/usr/bin/cmake -E cmake_echo_color --switch= --progress-dir=/home/shf/OPRF-Garbled-Circuits/old_implementation/CMakeFiles --progress-num=33,34 "Built target test_ecc"
make -s -f emp-tool/test/CMakeFiles/test_int.dir/build.make emp-tool/test/CMakeFiles/test_int.dir/depend
make[2]: Entering directory '/home/shf/OPRF-Garbled-Circuits/old_implementation'
cd /home/shf/OPRF-Garbled-Circuits/old_implementation && /usr/bin/cmake -E cmake_depends "Unix Makefiles" /home/shf/OPRF-Garbled-Circuits/old_implementation /home/shf/OPRF-Garbled-Circuits/old_implementation/emp-tool/test /home/shf/OPRF-Garbled-Circuits/old_implementation /home/shf/OPRF-Garbled-Circuits/old_implementation/emp-tool/test /home/shf/OPRF-Garbled-Circuits/old_implementation/emp-tool/test/CMakeFiles/test_int.dir/DependInfo.cmake --color=
make[2]: Leaving directory '/home/shf/OPRF-Garbled-Circuits/old_implementation'
make -s -f emp-tool/test/CMakeFiles/test_int.dir/build.make emp-tool/test/CMakeFiles/test_int.dir/build
 
make[2]: Entering directory '/home/shf/OPRF-Garbled-Circuits/old_implementation'
/usr/bin/cmake -E cmake_echo_color --switch= --green --progress-dir=/home/shf/OPRF-Garbled-Circuits/old_implementation/CMakeFiles --progress-num=47 "Building CXX object emp-tool/test/CMakeFiles/test_int.dir/int.cpp.o"
cd /home/shf/OPRF-Garbled-Circuits/old_implementation/emp-tool/test && /usr/bin/c++  -I/home/shf/OPRF-Garbled-Circuits/old_implementation -pthread -Wall -funroll-loops -Wno-ignored-attributes -Wno-unused-result -march=native -maes -mrdseed -std=c++11 -O3 -O3 -DNDEBUG -MD -MT emp-tool/test/CMakeFiles/test_int.dir/int.cpp.o -MF CMakeFiles/test_int.dir/int.cpp.o.d -o CMakeFiles/test_int.dir/int.cpp.o -c /home/shf/OPRF-Garbled-Circuits/old_implementation/emp-tool/test/int.cpp
/usr/bin/cmake -E cmake_echo_color --switch= --green --bold --progress-dir=/home/shf/OPRF-Garbled-Circuits/old_implementation/CMakeFiles --progress-num=48 "Linking CXX executable ../../bin/test_int"
cd /home/shf/OPRF-Garbled-Circuits/old_implementation/emp-tool/test && /usr/bin/cmake -E cmake_link_script CMakeFiles/test_int.dir/link.txt --verbose=
make[2]: Leaving directory '/home/shf/OPRF-Garbled-Circuits/old_implementation'
/usr/bin/cmake -E cmake_echo_color --switch= --progress-dir=/home/shf/OPRF-Garbled-Circuits/old_implementation/CMakeFiles --progress-num=47,48 "Built target test_int"
make -s -f emp-tool/test/CMakeFiles/test_float.dir/build.make emp-tool/test/CMakeFiles/test_float.dir/depend
make[2]: Entering directory '/home/shf/OPRF-Garbled-Circuits/old_implementation'
cd /home/shf/OPRF-Garbled-Circuits/old_implementation && /usr/bin/cmake -E cmake_depends "Unix Makefiles" /home/shf/OPRF-Garbled-Circuits/old_implementation /home/shf/OPRF-Garbled-Circuits/old_implementation/emp-tool/test /home/shf/OPRF-Garbled-Circuits/old_implementation /home/shf/OPRF-Garbled-Circuits/old_implementation/emp-tool/test /home/shf/OPRF-Garbled-Circuits/old_implementation/emp-tool/test/CMakeFiles/test_float.dir/DependInfo.cmake --color=
make[2]: Leaving directory '/home/shf/OPRF-Garbled-Circuits/old_implementation'
make -s -f emp-tool/test/CMakeFiles/test_float.dir/build.make emp-tool/test/CMakeFiles/test_float.dir/build
make[2]: Entering directory '/home/shf/OPRF-Garbled-Circuits/old_implementation'
/usr/bin/cmake -E cmake_echo_color --switch= --green --progress-dir=/home/shf/OPRF-Garbled-Circuits/old_implementation/CMakeFiles --progress-num=37 "Building CXX object emp-tool/test/CMakeFiles/test_float.dir/float.cpp.o"
cd /home/shf/OPRF-Garbled-Circuits/old_implementation/emp-tool/test && /usr/bin/c++  -I/home/shf/OPRF-Garbled-Circuits/old_implementation -pthread -Wall -funroll-loops -Wno-ignored-attributes -Wno-unused-result -march=native -maes -mrdseed -std=c++11 -O3 -O3 -DNDEBUG -MD -MT emp-tool/test/CMakeFiles/test_float.dir/float.cpp.o -MF CMakeFiles/test_float.dir/float.cpp.o.d -o CMakeFiles/test_float.dir/float.cpp.o -c /home/shf/OPRF-Garbled-Circuits/old_implementation/emp-tool/test/float.cpp
/usr/bin/cmake -E cmake_echo_color --switch= --green --bold --progress-dir=/home/shf/OPRF-Garbled-Circuits/old_implementation/CMakeFiles --progress-num=38 "Linking CXX executable ../../bin/test_float"
cd /home/shf/OPRF-Garbled-Circuits/old_implementation/emp-tool/test && /usr/bin/cmake -E cmake_link_script CMakeFiles/test_float.dir/link.txt --verbose=
make[2]: Leaving directory '/home/shf/OPRF-Garbled-Circuits/old_implementation'
/usr/bin/cmake -E cmake_echo_color --switch= --progress-dir=/home/shf/OPRF-Garbled-Circuits/old_implementation/CMakeFiles --progress-num=37,38 "Built target test_float"
make -s -f emp-tool/test/CMakeFiles/test_garble.dir/build.make emp-tool/test/CMakeFiles/test_garble.dir/depend
 
make[2]: Entering directory '/home/shf/OPRF-Garbled-Circuits/old_implementation'
cd /home/shf/OPRF-Garbled-Circuits/old_implementation && /usr/bin/cmake -E cmake_depends "Unix Makefiles" /home/shf/OPRF-Garbled-Circuits/old_implementation /home/shf/OPRF-Garbled-Circuits/old_implementation/emp-tool/test /home/shf/OPRF-Garbled-Circuits/old_implementation /home/shf/OPRF-Garbled-Circuits/old_implementation/emp-tool/test /home/shf/OPRF-Garbled-Circuits/old_implementation/emp-tool/test/CMakeFiles/test_garble.dir/DependInfo.cmake --color=
make[2]: Leaving directory '/home/shf/OPRF-Garbled-Circuits/old_implementation'
make -s -f emp-tool/test/CMakeFiles/test_garble.dir/build.make emp-tool/test/CMakeFiles/test_garble.dir/build
make[2]: Entering directory '/home/shf/OPRF-Garbled-Circuits/old_implementation'
/usr/bin/cmake -E cmake_echo_color --switch= --green --progress-dir=/home/shf/OPRF-Garbled-Circuits/old_implementation/CMakeFiles --progress-num=39 "Building CXX object emp-tool/test/CMakeFiles/test_garble.dir/garble.cpp.o"
cd /home/shf/OPRF-Garbled-Circuits/old_implementation/emp-tool/test && /usr/bin/c++  -I/home/shf/OPRF-Garbled-Circuits/old_implementation -pthread -Wall -funroll-loops -Wno-ignored-attributes -Wno-unused-result -march=native -maes -mrdseed -std=c++11 -O3 -O3 -DNDEBUG -MD -MT emp-tool/test/CMakeFiles/test_garble.dir/garble.cpp.o -MF CMakeFiles/test_garble.dir/garble.cpp.o.d -o CMakeFiles/test_garble.dir/garble.cpp.o -c /home/shf/OPRF-Garbled-Circuits/old_implementation/emp-tool/test/garble.cpp
/usr/bin/cmake -E cmake_echo_color --switch= --green --bold --progress-dir=/home/shf/OPRF-Garbled-Circuits/old_implementation/CMakeFiles --progress-num=40 "Linking CXX executable ../../bin/test_garble"
cd /home/shf/OPRF-Garbled-Circuits/old_implementation/emp-tool/test && /usr/bin/cmake -E cmake_link_script CMakeFiles/test_garble.dir/link.txt --verbose=
make[2]: Leaving directory '/home/shf/OPRF-Garbled-Circuits/old_implementation'
/usr/bin/cmake -E cmake_echo_color --switch= --progress-dir=/home/shf/OPRF-Garbled-Circuits/old_implementation/CMakeFiles --progress-num=39,40 "Built target test_garble"
make -s -f emp-tool/test/CMakeFiles/test_gen_circuit.dir/build.make emp-tool/test/CMakeFiles/test_gen_circuit.dir/depend
make[2]: Entering directory '/home/shf/OPRF-Garbled-Circuits/old_implementation'
cd /home/shf/OPRF-Garbled-Circuits/old_implementation && /usr/bin/cmake -E cmake_depends "Unix Makefiles" /home/shf/OPRF-Garbled-Circuits/old_implementation /home/shf/OPRF-Garbled-Circuits/old_implementation/emp-tool/test /home/shf/OPRF-Garbled-Circuits/old_implementation /home/shf/OPRF-Garbled-Circuits/old_implementation/emp-tool/test /home/shf/OPRF-Garbled-Circuits/old_implementation/emp-tool/test/CMakeFiles/test_gen_circuit.dir/DependInfo.cmake --color=
make[2]: Leaving directory '/home/shf/OPRF-Garbled-Circuits/old_implementation'
make -s -f emp-tool/test/CMakeFiles/test_gen_circuit.dir/build.make emp-tool/test/CMakeFiles/test_gen_circuit.dir/build
make[2]: Entering directory '/home/shf/OPRF-Garbled-Circuits/old_implementation'
/usr/bin/cmake -E cmake_echo_color --switch= --green --progress-dir=/home/shf/OPRF-Garbled-Circuits/old_implementation/CMakeFiles --progress-num=41 "Building CXX object emp-tool/test/CMakeFiles/test_gen_circuit.dir/gen_circuit.cpp.o"
cd /home/shf/OPRF-Garbled-Circuits/old_implementation/emp-tool/test && /usr/bin/c++  -I/home/shf/OPRF-Garbled-Circuits/old_implementation -pthread -Wall -funroll-loops -Wno-ignored-attributes -Wno-unused-result -march=native -maes -mrdseed -std=c++11 -O3 -O3 -DNDEBUG -MD -MT emp-tool/test/CMakeFiles/test_gen_circuit.dir/gen_circuit.cpp.o -MF CMakeFiles/test_gen_circuit.dir/gen_circuit.cpp.o.d -o CMakeFiles/test_gen_circuit.dir/gen_circuit.cpp.o -c /home/shf/OPRF-Garbled-Circuits/old_implementation/emp-tool/test/gen_circuit.cpp
/usr/bin/cmake -E cmake_echo_color --switch= --green --bold --progress-dir=/home/shf/OPRF-Garbled-Circuits/old_implementation/CMakeFiles --progress-num=42 "Linking CXX executable ../../bin/test_gen_circuit"
cd /home/shf/OPRF-Garbled-Circuits/old_implementation/emp-tool/test && /usr/bin/cmake -E cmake_link_script CMakeFiles/test_gen_circuit.dir/link.txt --verbose=
make[2]: Leaving directory '/home/shf/OPRF-Garbled-Circuits/old_implementation'
/usr/bin/cmake -E cmake_echo_color --switch= --progress-dir=/home/shf/OPRF-Garbled-Circuits/old_implementation/CMakeFiles --progress-num=41,42 "Built target test_gen_circuit"
make -s -f emp-tool/test/CMakeFiles/test_mitccrh.dir/build.make emp-tool/test/CMakeFiles/test_mitccrh.dir/depend
make[2]: Entering directory '/home/shf/OPRF-Garbled-Circuits/old_implementation'
cd /home/shf/OPRF-Garbled-Circuits/old_implementation && /usr/bin/cmake -E cmake_depends "Unix Makefiles" /home/shf/OPRF-Garbled-Circuits/old_implementation /home/shf/OPRF-Garbled-Circuits/old_implementation/emp-tool/test /home/shf/OPRF-Garbled-Circuits/old_implementation /home/shf/OPRF-Garbled-Circuits/old_implementation/emp-tool/test /home/shf/OPRF-Garbled-Circuits/old_implementation/emp-tool/test/CMakeFiles/test_mitccrh.dir/DependInfo.cmake --color=
make[2]: Leaving directory '/home/shf/OPRF-Garbled-Circuits/old_implementation'
make -s -f emp-tool/test/CMakeFiles/test_mitccrh.dir/build.make emp-tool/test/CMakeFiles/test_mitccrh.dir/build
make[2]: Entering directory '/home/shf/OPRF-Garbled-Circuits/old_implementation'
/usr/bin/cmake -E cmake_echo_color --switch= --green --progress-dir=/home/shf/OPRF-Garbled-Circuits/old_implementation/CMakeFiles --progress-num=49 "Building CXX object emp-tool/test/CMakeFiles/test_mitccrh.dir/mitccrh.cpp.o"
cd /home/shf/OPRF-Garbled-Circuits/old_implementation/emp-tool/test && /usr/bin/c++  -I/home/shf/OPRF-Garbled-Circuits/old_implementation -pthread -Wall -funroll-loops -Wno-ignored-attributes -Wno-unused-result -march=native -maes -mrdseed -std=c++11 -O3 -O3 -DNDEBUG -MD -MT emp-tool/test/CMakeFiles/test_mitccrh.dir/mitccrh.cpp.o -MF CMakeFiles/test_mitccrh.dir/mitccrh.cpp.o.d -o CMakeFiles/test_mitccrh.dir/mitccrh.cpp.o -c /home/shf/OPRF-Garbled-Circuits/old_implementation/emp-tool/test/mitccrh.cpp
/usr/bin/cmake -E cmake_echo_color --switch= --green --bold --progress-dir=/home/shf/OPRF-Garbled-Circuits/old_implementation/CMakeFiles --progress-num=50 "Linking CXX executable ../../bin/test_mitccrh"
cd /home/shf/OPRF-Garbled-Circuits/old_implementation/emp-tool/test && /usr/bin/cmake -E cmake_link_script CMakeFiles/test_mitccrh.dir/link.txt --verbose=
make[2]: Leaving directory '/home/shf/OPRF-Garbled-Circuits/old_implementation'
/usr/bin/cmake -E cmake_echo_color --switch= --progress-dir=/home/shf/OPRF-Garbled-Circuits/old_implementation/CMakeFiles --progress-num=49,50 "Built target test_mitccrh"
make -s -f emp-tool/test/CMakeFiles/test_f2k.dir/build.make emp-tool/test/CMakeFiles/test_f2k.dir/depend
make[2]: Entering directory '/home/shf/OPRF-Garbled-Circuits/old_implementation'
cd /home/shf/OPRF-Garbled-Circuits/old_implementation && /usr/bin/cmake -E cmake_depends "Unix Makefiles" /home/shf/OPRF-Garbled-Circuits/old_implementation /home/shf/OPRF-Garbled-Circuits/old_implementation/emp-tool/test /home/shf/OPRF-Garbled-Circuits/old_implementation /home/shf/OPRF-Garbled-Circuits/old_implementation/emp-tool/test /home/shf/OPRF-Garbled-Circuits/old_implementation/emp-tool/test/CMakeFiles/test_f2k.dir/DependInfo.cmake --color=
make[2]: Leaving directory '/home/shf/OPRF-Garbled-Circuits/old_implementation'
make -s -f emp-tool/test/CMakeFiles/test_f2k.dir/build.make emp-tool/test/CMakeFiles/test_f2k.dir/build
make[2]: Entering directory '/home/shf/OPRF-Garbled-Circuits/old_implementation'
/usr/bin/cmake -E cmake_echo_color --switch= --green --progress-dir=/home/shf/OPRF-Garbled-Circuits/old_implementation/CMakeFiles --progress-num=35 "Building CXX object emp-tool/test/CMakeFiles/test_f2k.dir/f2k.cpp.o"
cd /home/shf/OPRF-Garbled-Circuits/old_implementation/emp-tool/test && /usr/bin/c++  -I/home/shf/OPRF-Garbled-Circuits/old_implementation -pthread -Wall -funroll-loops -Wno-ignored-attributes -Wno-unused-result -march=native -maes -mrdseed -std=c++11 -O3 -O3 -DNDEBUG -MD -MT emp-tool/test/CMakeFiles/test_f2k.dir/f2k.cpp.o -MF CMakeFiles/test_f2k.dir/f2k.cpp.o.d -o CMakeFiles/test_f2k.dir/f2k.cpp.o -c /home/shf/OPRF-Garbled-Circuits/old_implementation/emp-tool/test/f2k.cpp
/usr/bin/cmake -E cmake_echo_color --switch= --green --bold --progress-dir=/home/shf/OPRF-Garbled-Circuits/old_implementation/CMakeFiles --progress-num=36 "Linking CXX executable ../../bin/test_f2k"
cd /home/shf/OPRF-Garbled-Circuits/old_implementation/emp-tool/test && /usr/bin/cmake -E cmake_link_script CMakeFiles/test_f2k.dir/link.txt --verbose=
make[2]: Leaving directory '/home/shf/OPRF-Garbled-Circuits/old_implementation'
/usr/bin/cmake -E cmake_echo_color --switch= --progress-dir=/home/shf/OPRF-Garbled-Circuits/old_implementation/CMakeFiles --progress-num=35,36 "Built target test_f2k"
make -s -f emp-tool/test/CMakeFiles/test_halfgate.dir/build.make emp-tool/test/CMakeFiles/test_halfgate.dir/depend
make[2]: Entering directory '/home/shf/OPRF-Garbled-Circuits/old_implementation'
cd /home/shf/OPRF-Garbled-Circuits/old_implementation && /usr/bin/cmake -E cmake_depends "Unix Makefiles" /home/shf/OPRF-Garbled-Circuits/old_implementation /home/shf/OPRF-Garbled-Circuits/old_implementation/emp-tool/test /home/shf/OPRF-Garbled-Circuits/old_implementation /home/shf/OPRF-Garbled-Circuits/old_implementation/emp-tool/test /home/shf/OPRF-Garbled-Circuits/old_implementation/emp-tool/test/CMakeFiles/test_halfgate.dir/DependInfo.cmake --color=
make[2]: Leaving directory '/home/shf/OPRF-Garbled-Circuits/old_implementation'
make -s -f emp-tool/test/CMakeFiles/test_halfgate.dir/build.make emp-tool/test/CMakeFiles/test_halfgate.dir/build
make[2]: Entering directory '/home/shf/OPRF-Garbled-Circuits/old_implementation'
/usr/bin/cmake -E cmake_echo_color --switch= --green --progress-dir=/home/shf/OPRF-Garbled-Circuits/old_implementation/CMakeFiles --progress-num=43 "Building CXX object emp-tool/test/CMakeFiles/test_halfgate.dir/halfgate.cpp.o"
cd /home/shf/OPRF-Garbled-Circuits/old_implementation/emp-tool/test && /usr/bin/c++  -I/home/shf/OPRF-Garbled-Circuits/old_implementation -pthread -Wall -funroll-loops -Wno-ignored-attributes -Wno-unused-result -march=native -maes -mrdseed -std=c++11 -O3 -O3 -DNDEBUG -MD -MT emp-tool/test/CMakeFiles/test_halfgate.dir/halfgate.cpp.o -MF CMakeFiles/test_halfgate.dir/halfgate.cpp.o.d -o CMakeFiles/test_halfgate.dir/halfgate.cpp.o -c /home/shf/OPRF-Garbled-Circuits/old_implementation/emp-tool/test/halfgate.cpp
/usr/bin/cmake -E cmake_echo_color --switch= --green --bold --progress-dir=/home/shf/OPRF-Garbled-Circuits/old_implementation/CMakeFiles --progress-num=44 "Linking CXX executable ../../bin/test_halfgate"
cd /home/shf/OPRF-Garbled-Circuits/old_implementation/emp-tool/test && /usr/bin/cmake -E cmake_link_script CMakeFiles/test_halfgate.dir/link.txt --verbose=
make[2]: Leaving directory '/home/shf/OPRF-Garbled-Circuits/old_implementation'
/usr/bin/cmake -E cmake_echo_color --switch= --progress-dir=/home/shf/OPRF-Garbled-Circuits/old_implementation/CMakeFiles --progress-num=43,44 "Built target test_halfgate"
make -s -f emp-tool/test/CMakeFiles/test_to_bool.dir/build.make emp-tool/test/CMakeFiles/test_to_bool.dir/depend
make[2]: Entering directory '/home/shf/OPRF-Garbled-Circuits/old_implementation'
cd /home/shf/OPRF-Garbled-Circuits/old_implementation && /usr/bin/cmake -E cmake_depends "Unix Makefiles" /home/shf/OPRF-Garbled-Circuits/old_implementation /home/shf/OPRF-Garbled-Circuits/old_implementation/emp-tool/test /home/shf/OPRF-Garbled-Circuits/old_implementation /home/shf/OPRF-Garbled-Circuits/old_implementation/emp-tool/test /home/shf/OPRF-Garbled-Circuits/old_implementation/emp-tool/test/CMakeFiles/test_to_bool.dir/DependInfo.cmake --color=
make[2]: Leaving directory '/home/shf/OPRF-Garbled-Circuits/old_implementation'
make -s -f emp-tool/test/CMakeFiles/test_to_bool.dir/build.make emp-tool/test/CMakeFiles/test_to_bool.dir/build
make[2]: Entering directory '/home/shf/OPRF-Garbled-Circuits/old_implementation'
/usr/bin/cmake -E cmake_echo_color --switch= --green --progress-dir=/home/shf/OPRF-Garbled-Circuits/old_implementation/CMakeFiles --progress-num=68 "Building CXX object emp-tool/test/CMakeFiles/test_to_bool.dir/to_bool.cpp.o"
cd /home/shf/OPRF-Garbled-Circuits/old_implementation/emp-tool/test && /usr/bin/c++  -I/home/shf/OPRF-Garbled-Circuits/old_implementation -pthread -Wall -funroll-loops -Wno-ignored-attributes -Wno-unused-result -march=native -maes -mrdseed -std=c++11 -O3 -O3 -DNDEBUG -MD -MT emp-tool/test/CMakeFiles/test_to_bool.dir/to_bool.cpp.o -MF CMakeFiles/test_to_bool.dir/to_bool.cpp.o.d -o CMakeFiles/test_to_bool.dir/to_bool.cpp.o -c /home/shf/OPRF-Garbled-Circuits/old_implementation/emp-tool/test/to_bool.cpp
/usr/bin/cmake -E cmake_echo_color --switch= --green --bold --progress-dir=/home/shf/OPRF-Garbled-Circuits/old_implementation/CMakeFiles --progress-num=69 "Linking CXX executable ../../bin/test_to_bool"
cd /home/shf/OPRF-Garbled-Circuits/old_implementation/emp-tool/test && /usr/bin/cmake -E cmake_link_script CMakeFiles/test_to_bool.dir/link.txt --verbose=
make[2]: Leaving directory '/home/shf/OPRF-Garbled-Circuits/old_implementation'
/usr/bin/cmake -E cmake_echo_color --switch= --progress-dir=/home/shf/OPRF-Garbled-Circuits/old_implementation/CMakeFiles --progress-num=68,69 "Built target test_to_bool"
make -s -f emp-tool/test/CMakeFiles/test_aes_opt.dir/build.make emp-tool/test/CMakeFiles/test_aes_opt.dir/depend
make[2]: Entering directory '/home/shf/OPRF-Garbled-Circuits/old_implementation'
cd /home/shf/OPRF-Garbled-Circuits/old_implementation && /usr/bin/cmake -E cmake_depends "Unix Makefiles" /home/shf/OPRF-Garbled-Circuits/old_implementation /home/shf/OPRF-Garbled-Circuits/old_implementation/emp-tool/test /home/shf/OPRF-Garbled-Circuits/old_implementation /home/shf/OPRF-Garbled-Circuits/old_implementation/emp-tool/test /home/shf/OPRF-Garbled-Circuits/old_implementation/emp-tool/test/CMakeFiles/test_aes_opt.dir/DependInfo.cmake --color=
make[2]: Leaving directory '/home/shf/OPRF-Garbled-Circuits/old_implementation'
make -s -f emp-tool/test/CMakeFiles/test_aes_opt.dir/build.make emp-tool/test/CMakeFiles/test_aes_opt.dir/build
 
make[2]: Entering directory '/home/shf/OPRF-Garbled-Circuits/old_implementation'
/usr/bin/cmake -E cmake_echo_color --switch= --green --progress-dir=/home/shf/OPRF-Garbled-Circuits/old_implementation/CMakeFiles --progress-num=29 "Building CXX object emp-tool/test/CMakeFiles/test_aes_opt.dir/aes_opt.cpp.o"
cd /home/shf/OPRF-Garbled-Circuits/old_implementation/emp-tool/test && /usr/bin/c++  -I/home/shf/OPRF-Garbled-Circuits/old_implementation -pthread -Wall -funroll-loops -Wno-ignored-attributes -Wno-unused-result -march=native -maes -mrdseed -std=c++11 -O3 -O3 -DNDEBUG -MD -MT emp-tool/test/CMakeFiles/test_aes_opt.dir/aes_opt.cpp.o -MF CMakeFiles/test_aes_opt.dir/aes_opt.cpp.o.d -o CMakeFiles/test_aes_opt.dir/aes_opt.cpp.o -c /home/shf/OPRF-Garbled-Circuits/old_implementation/emp-tool/test/aes_opt.cpp
/usr/bin/cmake -E cmake_echo_color --switch= --green --bold --progress-dir=/home/shf/OPRF-Garbled-Circuits/old_implementation/CMakeFiles --progress-num=30 "Linking CXX executable ../../bin/test_aes_opt"
cd /home/shf/OPRF-Garbled-Circuits/old_implementation/emp-tool/test && /usr/bin/cmake -E cmake_link_script CMakeFiles/test_aes_opt.dir/link.txt --verbose=
make[2]: Leaving directory '/home/shf/OPRF-Garbled-Circuits/old_implementation'
/usr/bin/cmake -E cmake_echo_color --switch= --progress-dir=/home/shf/OPRF-Garbled-Circuits/old_implementation/CMakeFiles --progress-num=29,30 "Built target test_aes_opt"
make[1]: Leaving directory '/home/shf/OPRF-Garbled-Circuits/old_implementation'
/usr/bin/cmake -E cmake_progress_start /home/shf/OPRF-Garbled-Circuits/old_implementation/CMakeFiles 0
make: Leaving directory '/home/shf/OPRF-Garbled-Circuits/old_implementation'
 
